Arguments: 
  C:\Program Files\nodejs\node.exe C:\Program Files (x86)\Yarn\bin\yarn.js install

PATH: 
  C:\Program Files (x86)\Common Files\Oracle\Java\javapath;C:\Program Files (x86)\VMware\VMware Workstation\bin\;C:\Windows\system32;C:\Windows;C:\Windows\System32\Wbem;C:\Windows\System32\WindowsPowerShell\v1.0\;C:\Windows\System32\OpenSSH\;C:\Program Files\nodejs\;C:\Program Files (x86)\Yarn\bin\;C:\Program Files\Git\cmd;C:\Users\Halle\AppData\Local\Android\Sdk\platform-tools;C:\Users\Halle\AppData\Local\Android\Sdk\emulator;C:\Program Files\dotnet\;C:\Program Files\PuTTY\;D:\xampp\php;D:\composer;C:\Users\Halle\AppData\Local\Programs\Python\Python39\Scripts\;C:\Users\Halle\AppData\Local\Programs\Python\Python39\;C:\Users\Halle\AppData\Local\Microsoft\WindowsApps;C:\Program Files\Bandizip\;C:\Users\Halle\AppData\Roaming\npm;C:\Users\Halle\AppData\Local\Programs\Microsoft VS Code\bin;C:\Users\Halle\AppData\Local\Yarn\bin;C:\Users\Halle\AppData\Local\GitHubDesktop\bin;C:\Users\Halle\AppData\Local\Android\Sdk\platform-tools;C:\UsersHalle\AppData\Local\Android\Sdk\platform-tools;C:\Users\Halle\.dotnet\tools;C:\Users\Halle\AppData\Roaming\Composer\vendor\bin

Yarn version: 
  1.22.4

Node version: 
  16.11.0

Platform: 
  win32 x64

Trace: 
  SyntaxError: D:\Working\ReactNative\lsfMobile\package.json: Unexpected token / in JSON at position 3617
      at JSON.parse (<anonymous>)
      at C:\Program Files (x86)\Yarn\lib\cli.js:1625:59
      at Generator.next (<anonymous>)
      at step (C:\Program Files (x86)\Yarn\lib\cli.js:310:30)
      at C:\Program Files (x86)\Yarn\lib\cli.js:321:13

npm manifest: 
  {
    "name": "lsfmobile",
    "version": "0.0.1",
    "private": true,
    "scripts": {
      "start": "react-native start",
      "test": "jest",
      "test-watch": "jest --watch"
    },
    "dependencies": {
      "@babel/core": "^7.5.5",
      "@invertase/react-native-apple-authentication": "^2.1.2",
      "@monterosa/react-native-parallax-scroll": "^1.8.0",
      "@react-native-community/async-storage": "^1.12.1",
      "@react-native-community/blur": "^3.6.0",
      "@react-native-community/cameraroll": "^4.0.4",
      "@react-native-community/cli": "^4.14.0",
      "@react-native-community/toolbar-android": "0.1.0-rc.2",
      "@react-native-google-signin/google-signin": "^6.0.1",
      "appcenter": "4.1.0",
      "appcenter-analytics": "4.1.0",
      "appcenter-crashes": "4.1.0",
      "babel-plugin-transform-remove-console": "^6.9.4",
      "deep-equal": "^1.0.1",
      "jsonq": "^1.2.0",
      "jwt-decode": "^3.1.2",
      "link": "^0.1.5",
      "lottie-ios": "^3.1.9",
      "lottie-react-native": "^3.5.0",
      "prop-types": "^15.7.2",
      "react": "^16.9.0",
      "react-native": "0.60.0",
      "react-native-add-calendar-event": "^2.3.1",
      "react-native-audio-session": "^0.0.6",
      "react-native-background-timer": "^2.4.1",
      "react-native-branch": "^3.2.0",
      "react-native-calendars": "^1.204.0",
      "react-native-camera": "^3.44.1",
      "react-native-clean-project": "^3.6.4",
      "react-native-collapsible-tab-view": "^4.2.1",
      "react-native-elements": "^0.19.1",
      "react-native-event-listeners": "^1.0.3",
      "react-native-events": "^1.0.15",
      "react-native-fbsdk": "git+https://github.com/facebook/react-native-fbsdk.git",
      "react-native-firebase": "^5.2.1",
      "react-native-fs": "^2.18.0",
      "react-native-gesture-handler": "1.1.3",
      "react-native-google-cast": "git+https://git@github.com/equizno345/react-native-google-cast.git#v3LSFa",
      "react-native-gridview": "^0.1.2",
      "react-native-iap": "^4.6.0",
      "react-native-image-picker": "^1.0.1",
      "react-native-keyboard-aware-scroll-view": "^0.8.0",
      "react-native-linear-gradient": "^2.5.6",
      "react-native-material-dropdown": "^0.11.1",
      "react-native-orientation-locker": "^1.3.1",
      "react-native-pages": "^0.7.0",
      "react-native-progress-circle": "^2.0.1",
      "react-native-safe-area-context": "^3.2.0",
      "react-native-safe-area-view": "^2.0.0",
      "react-native-sectionlist-contacts": "^1.1.3",
      "react-native-share": "^1.2.1",
      "react-native-size-matters": "^0.3.1",
      "react-native-snap-carousel": "^3.9.0",
      "react-native-svg": "^8.0.11",
      "react-native-swipe-gestures": "^1.0.5",
      "react-native-ui-xg": "0.0.6",
      "react-native-uuid-generator": "^5.0.0",
      "react-native-vector-icons": "^6.7.0",
      "react-native-video": "^4.4.4",
      "react-native-video-controls": "^2.7.1",
      "react-native-view-shot": "^2.6.0",
      "react-native-vlc-media-player": "^1.0.39",
      "react-native-waveview": "^1.1.0",
      "react-native-webview": "^5.0.1",
      "react-navigation": "^2.18.3",
      "react-redux": "^5.1.2",
      "redux": "^4.0.4",
      "redux-thunk": "^2.3.0",
      "remove-accents": "^0.4.2",
      "rn-fetch-blob": "^0.10.15",
      "rn-spotify-sdk": "^1.2.9",
      "rn-viewpager": "^1.2.9",
      "uuid": "^3.0.0"
    },
    "devDependencies": {
      "@babel/core": "^7.13.8",
      "@babel/preset-flow": "^7.0.0",
      "@babel/runtime": "^7.5.5",
      "babel-core": "^7.0.0-bridge.0",
      "babel-jest": "^23.4.2",
      "jest": "^24.8.0",
      "metro": "^0.54.1",
      "metro-react-native-babel-preset": "^0.55.0",
      "react-test-renderer": "16.8.6"
    },
    "rnpm": {
      "assets": [
        "res/fonts"
      ]
    },
    // "workspaces": {
    //   "nohoist": [
    //     "react-native",
    //     "react-native/**",
    //     "react",
    //     "react/**"
    //   ]
    // }
  }

yarn manifest: 
  No manifest

Lockfile: 
  No lockfile
